# JRE version: OpenJDK Runtime Environment (17.0.6) (build 17.0.6+0-17.0.6b802.4-9586694)
# Java VM: OpenJDK 64-Bit Server VM (17.0.6+0-17.0.6b802.4-9586694, mixed mode, tiered, compressed oops, compressed class ptrs, g1 gc, linux-amd64)
GC Precious Log:
 CPUs: 4 total, 4 available
 Memory: 15935M
 Large Page Support: Disabled
 NUMA Support: Disabled
 Compressed Oops: Enabled (32-bit)
 Heap Region Size: 1M
 Heap Min Capacity: 8M
 Heap Initial Capacity: 250M
 Heap Max Capacity: 2G
 Pre-touch: Disabled
 Parallel Workers: 4
 Concurrent Workers: 1
 Concurrent Refinement Workers: 4
 Periodic GC: Disabled
Heap:
 garbage-first heap   total 144384K, used 75110K [0x0000000080000000, 0x0000000100000000)
  region size 1024K, 9 young (9216K), 4 survivors (4096K)
 Metaspace       used 81548K, committed 82112K, reserved 1122304K
  class space    used 11077K, committed 11328K, reserved 1048576K
GC Heap History (20 events):
Event: 17,935 GC heap before
{Heap before GC invocations=25 (full 0):
 garbage-first heap   total 94208K, used 73531K [0x0000000080000000, 0x0000000100000000)
  region size 1024K, 26 young (26624K), 2 survivors (2048K)
 Metaspace       used 65257K, committed 65792K, reserved 1105920K
  class space    used 8614K, committed 8832K, reserved 1048576K
}
Event: 17,941 GC heap after
{Heap after GC invocations=26 (full 0):
 garbage-first heap   total 94208K, used 51536K [0x0000000080000000, 0x0000000100000000)
  region size 1024K, 4 young (4096K), 4 survivors (4096K)
 Metaspace       used 65257K, committed 65792K, reserved 1105920K
  class space    used 8614K, committed 8832K, reserved 1048576K
}
Event: 19,152 GC heap before
{Heap before GC invocations=27 (full 0):
 garbage-first heap   total 97280K, used 75088K [0x0000000080000000, 0x0000000100000000)
  region size 1024K, 27 young (27648K), 4 survivors (4096K)
 Metaspace       used 68474K, committed 68992K, reserved 1114112K
  class space    used 9224K, committed 9472K, reserved 1048576K
}
Event: 19,162 GC heap after
{Heap after GC invocations=28 (full 0):
 garbage-first heap   total 97280K, used 52950K [0x0000000080000000, 0x0000000100000000)
  region size 1024K, 2 young (2048K), 2 survivors (2048K)
 Metaspace       used 68474K, committed 68992K, reserved 1114112K
  class space    used 9224K, committed 9472K, reserved 1048576K
}
Event: 19,846 GC heap before
{Heap before GC invocations=28 (full 0):
 garbage-first heap   total 97280K, used 77526K [0x0000000080000000, 0x0000000100000000)
  region size 1024K, 27 young (27648K), 2 survivors (2048K)
 Metaspace       used 70941K, committed 71488K, reserved 1114112K
  class space    used 9593K, committed 9856K, reserved 1048576K
}
Event: 19,853 GC heap after
{Heap after GC invocations=29 (full 0):
 garbage-first heap   total 97280K, used 54510K [0x0000000080000000, 0x0000000100000000)
  region size 1024K, 3 young (3072K), 3 survivors (3072K)
 Metaspace       used 70941K, committed 71488K, reserved 1114112K
  class space    used 9593K, committed 9856K, reserved 1048576K
}
Event: 20,863 GC heap before
{Heap before GC invocations=30 (full 0):
 garbage-first heap   total 99328K, used 79086K [0x0000000080000000, 0x0000000100000000)
  region size 1024K, 27 young (27648K), 3 survivors (3072K)
 Metaspace       used 75187K, committed 75712K, reserved 1114112K
  class space    used 10212K, committed 10432K, reserved 1048576K
}
Event: 20,870 GC heap after
{Heap after GC invocations=31 (full 0):
 garbage-first heap   total 99328K, used 55982K [0x0000000080000000, 0x0000000100000000)
  region size 1024K, 4 young (4096K), 4 survivors (4096K)
 Metaspace       used 75187K, committed 75712K, reserved 1114112K
  class space    used 10212K, committed 10432K, reserved 1048576K
}
Event: 21,394 GC heap before
{Heap before GC invocations=31 (full 0):
 garbage-first heap   total 99328K, used 80558K [0x0000000080000000, 0x0000000100000000)
  region size 1024K, 28 young (28672K), 4 survivors (4096K)
 Metaspace       used 77068K, committed 77568K, reserved 1122304K
  class space    used 10477K, committed 10688K, reserved 1048576K
}
Event: 21,404 GC heap after
{Heap after GC invocations=32 (full 0):
 garbage-first heap   total 99328K, used 58107K [0x0000000080000000, 0x0000000100000000)
  region size 1024K, 4 young (4096K), 4 survivors (4096K)
 Metaspace       used 77068K, committed 77568K, reserved 1122304K
  class space    used 10477K, committed 10688K, reserved 1048576K
}
Event: 21,722 GC heap before
{Heap before GC invocations=33 (full 0):
 garbage-first heap   total 111616K, used 80635K [0x0000000080000000, 0x0000000100000000)
  region size 1024K, 26 young (26624K), 4 survivors (4096K)
 Metaspace       used 77274K, committed 77824K, reserved 1122304K
  class space    used 10506K, committed 10752K, reserved 1048576K
}
Event: 21,735 GC heap after
{Heap after GC invocations=34 (full 0):
 garbage-first heap   total 111616K, used 62115K [0x0000000080000000, 0x0000000100000000)
  region size 1024K, 4 young (4096K), 4 survivors (4096K)
 Metaspace       used 77274K, committed 77824K, reserved 1122304K
  class space    used 10506K, committed 10752K, reserved 1048576K
}
Event: 22,293 GC heap before
{Heap before GC invocations=34 (full 0):
 garbage-first heap   total 111616K, used 89763K [0x0000000080000000, 0x0000000100000000)
  region size 1024K, 31 young (31744K), 4 survivors (4096K)
 Metaspace       used 79136K, committed 79744K, reserved 1122304K
  class space    used 10739K, committed 11008K, reserved 1048576K
}
Event: 22,314 GC heap after
{Heap after GC invocations=35 (full 0):
 garbage-first heap   total 111616K, used 65991K [0x0000000080000000, 0x0000000100000000)
  region size 1024K, 4 young (4096K), 4 survivors (4096K)
 Metaspace       used 79136K, committed 79744K, reserved 1122304K
  class space    used 10739K, committed 11008K, reserved 1048576K
}
Event: 23,210 GC heap before
{Heap before GC invocations=36 (full 0):
 garbage-first heap   total 119808K, used 88519K [0x0000000080000000, 0x0000000100000000)
  region size 1024K, 27 young (27648K), 4 survivors (4096K)
 Metaspace       used 80916K, committed 81472K, reserved 1122304K
  class space    used 11051K, committed 11328K, reserved 1048576K
}
Event: 23,221 GC heap after
{Heap after GC invocations=37 (full 0):
 garbage-first heap   total 119808K, used 68403K [0x0000000080000000, 0x0000000100000000)
  region size 1024K, 3 young (3072K), 3 survivors (3072K)
 Metaspace       used 80916K, committed 81472K, reserved 1122304K
  class space    used 11051K, committed 11328K, reserved 1048576K
}
Event: 23,283 GC heap before
{Heap before GC invocations=37 (full 0):
 garbage-first heap   total 119808K, used 70451K [0x0000000080000000, 0x0000000100000000)
  region size 1024K, 5 young (5120K), 3 survivors (3072K)
 Metaspace       used 80957K, committed 81536K, reserved 1122304K
  class space    used 11051K, committed 11328K, reserved 1048576K
}
Event: 23,288 GC heap after
{Heap after GC invocations=38 (full 0):
 garbage-first heap   total 144384K, used 68798K [0x0000000080000000, 0x0000000100000000)
  region size 1024K, 1 young (1024K), 1 survivors (1024K)
 Metaspace       used 80957K, committed 81536K, reserved 1122304K
  class space    used 11051K, committed 11328K, reserved 1048576K
}
Event: 25,083 GC heap before
{Heap before GC invocations=38 (full 0):
 garbage-first heap   total 144384K, used 111806K [0x0000000080000000, 0x0000000100000000)
  region size 1024K, 44 young (45056K), 1 survivors (1024K)
 Metaspace       used 81523K, committed 82112K, reserved 1122304K
  class space    used 11077K, committed 11328K, reserved 1048576K
}
Event: 25,093 GC heap after
{Heap after GC invocations=39 (full 0):
 garbage-first heap   total 144384K, used 72038K [0x0000000080000000, 0x0000000100000000)
  region size 1024K, 4 young (4096K), 4 survivors (4096K)
 Metaspace       used 81523K, committed 82112K, reserved 1122304K
  class space    used 11077K, committed 11328K, reserved 1048576K
}

