# JRE version: OpenJDK Runtime Environment (17.0.6) (build 17.0.6+0-17.0.6b802.4-9586694)
# Java VM: OpenJDK 64-Bit Server VM (17.0.6+0-17.0.6b802.4-9586694, mixed mode, tiered, compressed oops, compressed class ptrs, g1 gc, linux-amd64)
GC Precious Log:
 CPUs: 4 total, 4 available
 Memory: 15935M
 Large Page Support: Disabled
 NUMA Support: Disabled
 Compressed Oops: Enabled (32-bit)
 Heap Region Size: 1M
 Heap Min Capacity: 8M
 Heap Initial Capacity: 250M
 Heap Max Capacity: 2G
 Pre-touch: Disabled
 Parallel Workers: 4
 Concurrent Workers: 1
 Concurrent Refinement Workers: 4
 Periodic GC: Disabled
Heap:
 garbage-first heap   total 297984K, used 211976K [0x0000000080000000, 0x0000000100000000)
  region size 1024K, 116 young (118784K), 13 survivors (13312K)
 Metaspace       used 90420K, committed 91008K, reserved 1130496K
  class space    used 12084K, committed 12352K, reserved 1048576K
GC Heap History (20 events):
Event: 9,446 GC heap after
{Heap after GC invocations=27 (full 0):
 garbage-first heap   total 97280K, used 52902K [0x0000000080000000, 0x0000000100000000)
  region size 1024K, 3 young (3072K), 3 survivors (3072K)
 Metaspace       used 69834K, committed 70336K, reserved 1114112K
  class space    used 9420K, committed 9664K, reserved 1048576K
}
Event: 9,855 GC heap before
{Heap before GC invocations=27 (full 0):
 garbage-first heap   total 97280K, used 77478K [0x0000000080000000, 0x0000000100000000)
  region size 1024K, 28 young (28672K), 3 survivors (3072K)
 Metaspace       used 71923K, committed 72384K, reserved 1114112K
  class space    used 9748K, committed 9984K, reserved 1048576K
}
Event: 9,865 GC heap after
{Heap after GC invocations=28 (full 0):
 garbage-first heap   total 97280K, used 54761K [0x0000000080000000, 0x0000000100000000)
  region size 1024K, 4 young (4096K), 4 survivors (4096K)
 Metaspace       used 71923K, committed 72384K, reserved 1114112K
  class space    used 9748K, committed 9984K, reserved 1048576K
}
Event: 10,393 GC heap before
{Heap before GC invocations=29 (full 0):
 garbage-first heap   total 102400K, used 79337K [0x0000000080000000, 0x0000000100000000)
  region size 1024K, 28 young (28672K), 4 survivors (4096K)
 Metaspace       used 75818K, committed 76352K, reserved 1122304K
  class space    used 10315K, committed 10560K, reserved 1048576K
}
Event: 10,414 GC heap after
{Heap after GC invocations=30 (full 0):
 garbage-first heap   total 102400K, used 56058K [0x0000000080000000, 0x0000000100000000)
  region size 1024K, 4 young (4096K), 4 survivors (4096K)
 Metaspace       used 75818K, committed 76352K, reserved 1122304K
  class space    used 10315K, committed 10560K, reserved 1048576K
}
Event: 10,928 GC heap before
{Heap before GC invocations=30 (full 0):
 garbage-first heap   total 102400K, used 84730K [0x0000000080000000, 0x0000000100000000)
  region size 1024K, 32 young (32768K), 4 survivors (4096K)
 Metaspace       used 77131K, committed 77632K, reserved 1122304K
  class space    used 10490K, committed 10688K, reserved 1048576K
}
Event: 10,940 GC heap after
{Heap after GC invocations=31 (full 0):
 garbage-first heap   total 135168K, used 59446K [0x0000000080000000, 0x0000000100000000)
  region size 1024K, 4 young (4096K), 4 survivors (4096K)
 Metaspace       used 77131K, committed 77632K, reserved 1122304K
  class space    used 10490K, committed 10688K, reserved 1048576K
}
Event: 11,976 GC heap before
{Heap before GC invocations=32 (full 0):
 garbage-first heap   total 135168K, used 108598K [0x0000000080000000, 0x0000000100000000)
  region size 1024K, 52 young (53248K), 4 survivors (4096K)
 Metaspace       used 80159K, committed 80768K, reserved 1122304K
  class space    used 10907K, committed 11200K, reserved 1048576K
}
Event: 12,005 GC heap after
{Heap after GC invocations=33 (full 0):
 garbage-first heap   total 135168K, used 66107K [0x0000000080000000, 0x0000000100000000)
  region size 1024K, 7 young (7168K), 7 survivors (7168K)
 Metaspace       used 80159K, committed 80768K, reserved 1122304K
  class space    used 10907K, committed 11200K, reserved 1048576K
}
Event: 12,743 GC heap before
{Heap before GC invocations=33 (full 0):
 garbage-first heap   total 135168K, used 106043K [0x0000000080000000, 0x0000000100000000)
  region size 1024K, 47 young (48128K), 7 survivors (7168K)
 Metaspace       used 81384K, committed 81984K, reserved 1122304K
  class space    used 11136K, committed 11456K, reserved 1048576K
}
Event: 12,756 GC heap after
{Heap after GC invocations=34 (full 0):
 garbage-first heap   total 135168K, used 69265K [0x0000000080000000, 0x0000000100000000)
  region size 1024K, 3 young (3072K), 3 survivors (3072K)
 Metaspace       used 81384K, committed 81984K, reserved 1122304K
  class space    used 11136K, committed 11456K, reserved 1048576K
}
Event: 13,802 GC heap before
{Heap before GC invocations=34 (full 0):
 garbage-first heap   total 135168K, used 109201K [0x0000000080000000, 0x0000000100000000)
  region size 1024K, 43 young (44032K), 3 survivors (3072K)
 Metaspace       used 83040K, committed 83584K, reserved 1122304K
  class space    used 11326K, committed 11584K, reserved 1048576K
}
Event: 13,811 GC heap after
{Heap after GC invocations=35 (full 0):
 garbage-first heap   total 135168K, used 70627K [0x0000000080000000, 0x0000000100000000)
  region size 1024K, 5 young (5120K), 5 survivors (5120K)
 Metaspace       used 83040K, committed 83584K, reserved 1122304K
  class space    used 11326K, committed 11584K, reserved 1048576K
}
Event: 14,441 GC heap before
{Heap before GC invocations=36 (full 0):
 garbage-first heap   total 135168K, used 109539K [0x0000000080000000, 0x0000000100000000)
  region size 1024K, 44 young (45056K), 5 survivors (5120K)
 Metaspace       used 83335K, committed 83840K, reserved 1122304K
  class space    used 11326K, committed 11584K, reserved 1048576K
}
Event: 14,456 GC heap after
{Heap after GC invocations=37 (full 0):
 garbage-first heap   total 135168K, used 79580K [0x0000000080000000, 0x0000000100000000)
  region size 1024K, 6 young (6144K), 6 survivors (6144K)
 Metaspace       used 83335K, committed 83840K, reserved 1122304K
  class space    used 11326K, committed 11584K, reserved 1048576K
}
Event: 14,469 GC heap before
{Heap before GC invocations=37 (full 0):
 garbage-first heap   total 135168K, used 80604K [0x0000000080000000, 0x0000000100000000)
  region size 1024K, 7 young (7168K), 6 survivors (6144K)
 Metaspace       used 83336K, committed 83840K, reserved 1122304K
  class space    used 11326K, committed 11584K, reserved 1048576K
}
Event: 14,484 GC heap after
{Heap after GC invocations=38 (full 0):
 garbage-first heap   total 135168K, used 81998K [0x0000000080000000, 0x0000000100000000)
  region size 1024K, 1 young (1024K), 1 survivors (1024K)
 Metaspace       used 83336K, committed 83840K, reserved 1122304K
  class space    used 11326K, committed 11584K, reserved 1048576K
}
Event: 14,485 GC heap before
{Heap before GC invocations=38 (full 0):
 garbage-first heap   total 135168K, used 81998K [0x0000000080000000, 0x0000000100000000)
  region size 1024K, 2 young (2048K), 1 survivors (1024K)
 Metaspace       used 83336K, committed 83840K, reserved 1122304K
  class space    used 11326K, committed 11584K, reserved 1048576K
}
Event: 14,488 GC heap after
{Heap after GC invocations=39 (full 0):
 garbage-first heap   total 297984K, used 80904K [0x0000000080000000, 0x0000000100000000)
  region size 1024K, 1 young (1024K), 1 survivors (1024K)
 Metaspace       used 83336K, committed 83840K, reserved 1122304K
  class space    used 11326K, committed 11584K, reserved 1048576K
}
Event: 16,329 GC heap before
{Heap before GC invocations=39 (full 0):
 garbage-first heap   total 297984K, used 210952K [0x0000000080000000, 0x0000000100000000)
  region size 1024K, 104 young (106496K), 1 survivors (1024K)
 Metaspace       used 90420K, committed 91008K, reserved 1130496K
  class space    used 12084K, committed 12352K, reserved 1048576K
}

