# JRE version: OpenJDK Runtime Environment (17.0.6) (build 17.0.6+0-17.0.6b802.4-9586694)
# Java VM: OpenJDK 64-Bit Server VM (17.0.6+0-17.0.6b802.4-9586694, mixed mode, tiered, compressed oops, compressed class ptrs, g1 gc, linux-amd64)
GC Precious Log:
 CPUs: 4 total, 4 available
 Memory: 15935M
 Large Page Support: Disabled
 NUMA Support: Disabled
 Compressed Oops: Enabled (32-bit)
 Heap Region Size: 1M
 Heap Min Capacity: 8M
 Heap Initial Capacity: 250M
 Heap Max Capacity: 2G
 Pre-touch: Disabled
 Parallel Workers: 4
 Concurrent Workers: 1
 Concurrent Refinement Workers: 4
 Periodic GC: Disabled
Heap:
 garbage-first heap   total 65536K, used 29231K [0x0000000080000000, 0x0000000100000000)
  region size 1024K, 20 young (20480K), 7 survivors (7168K)
 Metaspace       used 23328K, committed 23552K, reserved 1073152K
  class space    used 3034K, committed 3136K, reserved 1048576K
GC Heap History (8 events):
Event: 0,458 GC heap before
{Heap before GC invocations=0 (full 0):
 garbage-first heap   total 256000K, used 15360K [0x0000000080000000, 0x0000000100000000)
  region size 1024K, 13 young (13312K), 0 survivors (0K)
 Metaspace       used 7082K, committed 7232K, reserved 1056768K
  class space    used 609K, committed 704K, reserved 1048576K
}
Event: 0,463 GC heap after
{Heap after GC invocations=1 (full 0):
 garbage-first heap   total 256000K, used 4112K [0x0000000080000000, 0x0000000100000000)
  region size 1024K, 2 young (2048K), 2 survivors (2048K)
 Metaspace       used 7082K, committed 7232K, reserved 1056768K
  class space    used 609K, committed 704K, reserved 1048576K
}
Event: 1,079 GC heap before
{Heap before GC invocations=1 (full 0):
 garbage-first heap   total 256000K, used 21520K [0x0000000080000000, 0x0000000100000000)
  region size 1024K, 16 young (16384K), 2 survivors (2048K)
 Metaspace       used 10961K, committed 11136K, reserved 1064960K
  class space    used 1164K, committed 1280K, reserved 1048576K
}
Event: 1,086 GC heap after
{Heap after GC invocations=2 (full 0):
 garbage-first heap   total 256000K, used 9087K [0x0000000080000000, 0x0000000100000000)
  region size 1024K, 2 young (2048K), 2 survivors (2048K)
 Metaspace       used 10961K, committed 11136K, reserved 1064960K
  class space    used 1164K, committed 1280K, reserved 1048576K
}
Event: 1,435 GC heap before
{Heap before GC invocations=2 (full 0):
 garbage-first heap   total 256000K, used 30591K [0x0000000080000000, 0x0000000100000000)
  region size 1024K, 23 young (23552K), 2 survivors (2048K)
 Metaspace       used 11439K, committed 11648K, reserved 1064960K
  class space    used 1250K, committed 1344K, reserved 1048576K
}
Event: 1,442 GC heap after
{Heap after GC invocations=3 (full 0):
 garbage-first heap   total 256000K, used 13743K [0x0000000080000000, 0x0000000100000000)
  region size 1024K, 3 young (3072K), 3 survivors (3072K)
 Metaspace       used 11439K, committed 11648K, reserved 1064960K
  class space    used 1250K, committed 1344K, reserved 1048576K
}
Event: 3,650 GC heap before
{Heap before GC invocations=3 (full 0):
 garbage-first heap   total 256000K, used 48559K [0x0000000080000000, 0x0000000100000000)
  region size 1024K, 38 young (38912K), 3 survivors (3072K)
 Metaspace       used 21344K, committed 21504K, reserved 1073152K
  class space    used 2662K, committed 2752K, reserved 1048576K
}
Event: 3,660 GC heap after
{Heap after GC invocations=4 (full 0):
 garbage-first heap   total 256000K, used 16943K [0x0000000080000000, 0x0000000100000000)
  region size 1024K, 7 young (7168K), 7 survivors (7168K)
 Metaspace       used 21344K, committed 21504K, reserved 1073152K
  class space    used 2662K, committed 2752K, reserved 1048576K
}

